<?xml version="1.0" encoding="UTF-8"?>
<coverage generated="1425363528317" clover="3.2.0">
	<project timestamp="1425363528317"  name="All Files" >
		<metrics statements="91"  coveredstatements="43"  conditionals="10"  coveredconditionals="0"  methods="26"  coveredmethods="2"  elements="127"  coveredelements="45"  complexity="0"  packages="4"  files="5"  classes="5"  loc="273"  ncloc="273" />
		<package name="actions" >
			<metrics statements="17"  coveredstatements="5"  conditionals="4"  coveredconditionals="0"  methods="6"  coveredmethods="0" />
			<file name="TeamActions.js"  path="/Users/muchniki/dev/dev-dash/dash/src/js/actions/TeamActions.js" >
				<metrics statements="17"  coveredstatements="5"  conditionals="4"  coveredconditionals="0"  methods="6"  coveredmethods="0" />
				<line num="1"  count="1"  type="stmt" />
				<line num="2"  count="1"  type="stmt" />
				<line num="3"  count="1"  type="stmt" />
				<line num="5"  count="1"  type="stmt" />
				<line num="11"  count="0"  type="stmt" />
				<line num="21"  count="0"  type="stmt" />
				<line num="28"  count="0"  type="cond"  truecount="0"  falsecount="2" />
				<line num="29"  count="0"  type="stmt" />
				<line num="37"  count="0"  type="stmt" />
				<line num="38"  count="0"  type="stmt" />
				<line num="39"  count="0"  type="stmt" />
				<line num="48"  count="0"  type="cond"  truecount="0"  falsecount="2" />
				<line num="49"  count="0"  type="stmt" />
				<line num="57"  count="0"  type="stmt" />
				<line num="58"  count="0"  type="stmt" />
				<line num="59"  count="0"  type="stmt" />
				<line num="69"  count="1"  type="stmt" />
			</file>
		</package>
		<package name="dispatcher" >
			<metrics statements="9"  coveredstatements="5"  conditionals="0"  coveredconditionals="0"  methods="2"  coveredmethods="0" />
			<file name="AppDispatcher.js"  path="/Users/muchniki/dev/dev-dash/dash/src/js/dispatcher/AppDispatcher.js" >
				<metrics statements="9"  coveredstatements="5"  conditionals="0"  coveredconditionals="0"  methods="2"  coveredmethods="0" />
				<line num="14"  count="2"  type="stmt" />
				<line num="15"  count="2"  type="stmt" />
				<line num="16"  count="2"  type="stmt" />
				<line num="18"  count="2"  type="stmt" />
				<line num="25"  count="0"  type="stmt" />
				<line num="29"  count="0"  type="stmt" />
				<line num="37"  count="0"  type="stmt" />
				<line num="41"  count="0"  type="stmt" />
				<line num="46"  count="2"  type="stmt" />
			</file>
		</package>
		<package name="stores" >
			<metrics statements="53"  coveredstatements="25"  conditionals="6"  coveredconditionals="0"  methods="14"  coveredmethods="2" />
			<file name="TeamStore.js"  path="/Users/muchniki/dev/dev-dash/dash/src/js/stores/TeamStore.js" >
				<metrics statements="37"  coveredstatements="15"  conditionals="5"  coveredconditionals="0"  methods="9"  coveredmethods="1" />
				<line num="1"  count="1"  type="stmt" />
				<line num="2"  count="1"  type="stmt" />
				<line num="3"  count="1"  type="stmt" />
				<line num="4"  count="1"  type="stmt" />
				<line num="5"  count="1"  type="stmt" />
				<line num="7"  count="1"  type="stmt" />
				<line num="9"  count="1"  type="stmt" />
				<line num="15"  count="1"  type="stmt" />
				<line num="19"  count="1"  type="stmt" />
				<line num="20"  count="0"  type="stmt" />
				<line num="23"  count="1"  type="stmt" />
				<line num="24"  count="0"  type="stmt" />
				<line num="25"  count="0"  type="stmt" />
				<line num="28"  count="1"  type="stmt" />
				<line num="29"  count="0"  type="stmt" />
				<line num="30"  count="0"  type="stmt" />
				<line num="33"  count="1"  type="stmt" />
				<line num="36"  count="1"  type="stmt" />
				<line num="40"  count="0"  type="stmt" />
				<line num="44"  count="0"  type="stmt" />
				<line num="48"  count="0"  type="stmt" />
				<line num="53"  count="1"  type="stmt" />
				<line num="54"  count="0"  type="stmt" />
				<line num="56"  count="0"  type="cond"  truecount="0"  falsecount="5" />
				<line num="58"  count="0"  type="stmt" />
				<line num="59"  count="0"  type="stmt" />
				<line num="60"  count="0"  type="stmt" />
				<line num="63"  count="0"  type="stmt" />
				<line num="64"  count="0"  type="stmt" />
				<line num="65"  count="0"  type="stmt" />
				<line num="68"  count="0"  type="stmt" />
				<line num="69"  count="0"  type="stmt" />
				<line num="70"  count="0"  type="stmt" />
				<line num="73"  count="0"  type="stmt" />
				<line num="74"  count="0"  type="stmt" />
				<line num="75"  count="0"  type="stmt" />
				<line num="81"  count="1"  type="stmt" />
			</file>
			<file name="UserStore.js"  path="/Users/muchniki/dev/dev-dash/dash/src/js/stores/UserStore.js" >
				<metrics statements="16"  coveredstatements="10"  conditionals="1"  coveredconditionals="0"  methods="5"  coveredmethods="1" />
				<line num="1"  count="1"  type="stmt" />
				<line num="2"  count="1"  type="stmt" />
				<line num="3"  count="1"  type="stmt" />
				<line num="4"  count="1"  type="stmt" />
				<line num="5"  count="1"  type="stmt" />
				<line num="7"  count="1"  type="stmt" />
				<line num="9"  count="1"  type="stmt" />
				<line num="12"  count="1"  type="stmt" />
				<line num="16"  count="0"  type="stmt" />
				<line num="23"  count="0"  type="stmt" />
				<line num="30"  count="0"  type="stmt" />
				<line num="35"  count="1"  type="stmt" />
				<line num="37"  count="0"  type="stmt" />
				<line num="39"  count="0"  type="cond"  truecount="0"  falsecount="1" />
				<line num="41"  count="0"  type="stmt" />
				<line num="46"  count="1"  type="stmt" />
			</file>
		</package>
		<package name="utils" >
			<metrics statements="12"  coveredstatements="8"  conditionals="0"  coveredconditionals="0"  methods="4"  coveredmethods="0" />
			<file name="common.js"  path="/Users/muchniki/dev/dev-dash/dash/src/js/utils/common.js" >
				<metrics statements="12"  coveredstatements="8"  conditionals="0"  coveredconditionals="0"  methods="4"  coveredmethods="0" />
				<line num="1"  count="2"  type="stmt" />
				<line num="2"  count="2"  type="stmt" />
				<line num="4"  count="2"  type="stmt" />
				<line num="6"  count="2"  type="stmt" />
				<line num="7"  count="0"  type="stmt" />
				<line num="11"  count="2"  type="stmt" />
				<line num="12"  count="0"  type="stmt" />
				<line num="16"  count="2"  type="stmt" />
				<line num="17"  count="0"  type="stmt" />
				<line num="24"  count="2"  type="stmt" />
				<line num="25"  count="0"  type="stmt" />
				<line num="31"  count="2"  type="stmt" />
			</file>
		</package>
	</project>
</coverage>
