{
"/Users/muchniki/dev/dev-dash/dash/src/js/stores/UserStore.js":{"path":"/Users/muchniki/dev/dev-dash/dash/src/js/stores/UserStore.js","s":{"1":1,"2":1,"3":1,"4":1,"5":1,"6":1,"7":1,"8":1,"9":0,"10":0,"11":0,"12":1,"13":0,"14":0,"15":0,"16":1},"b":{"1":[0]},"f":{"1":1,"2":0,"3":0,"4":0,"5":0},"fnMap":{"1":{"name":"(anonymous_1)","line":11,"loc":{"start":{"line":11,"column":10},"end":{"line":11,"column":21}}},"2":{"name":"(anonymous_2)","line":15,"loc":{"start":{"line":15,"column":14},"end":{"line":15,"column":25}}},"3":{"name":"(anonymous_3)","line":22,"loc":{"start":{"line":22,"column":21},"end":{"line":22,"column":40}}},"4":{"name":"(anonymous_4)","line":29,"loc":{"start":{"line":29,"column":24},"end":{"line":29,"column":43}}},"5":{"name":"(anonymous_5)","line":35,"loc":{"start":{"line":35,"column":23},"end":{"line":35,"column":40}}}},"statementMap":{"1":{"start":{"line":1,"column":0},"end":{"line":1,"column":59}},"2":{"start":{"line":2,"column":0},"end":{"line":2,"column":50}},"3":{"start":{"line":3,"column":0},"end":{"line":3,"column":58}},"4":{"start":{"line":4,"column":0},"end":{"line":4,"column":38}},"5":{"start":{"line":5,"column":0},"end":{"line":5,"column":40}},"6":{"start":{"line":7,"column":0},"end":{"line":7,"column":28}},"7":{"start":{"line":9,"column":0},"end":{"line":32,"column":3}},"8":{"start":{"line":12,"column":4},"end":{"line":12,"column":32}},"9":{"start":{"line":16,"column":4},"end":{"line":16,"column":28}},"10":{"start":{"line":23,"column":4},"end":{"line":23,"column":36}},"11":{"start":{"line":30,"column":4},"end":{"line":30,"column":48}},"12":{"start":{"line":35,"column":0},"end":{"line":44,"column":3}},"13":{"start":{"line":37,"column":2},"end":{"line":37,"column":11}},"14":{"start":{"line":39,"column":2},"end":{"line":42,"column":3}},"15":{"start":{"line":41,"column":6},"end":{"line":41,"column":12}},"16":{"start":{"line":46,"column":0},"end":{"line":46,"column":27}}},"branchMap":{"1":{"line":39,"type":"switch","locations":[{"start":{"line":40,"column":4},"end":{"line":41,"column":12}}]}},"l":{"1":1,"2":1,"3":1,"4":1,"5":1,"7":1,"9":1,"12":1,"16":0,"23":0,"30":0,"35":1,"37":0,"39":0,"41":0,"46":1}},
"/Users/muchniki/dev/dev-dash/dash/src/js/utils/common.js":{"path":"/Users/muchniki/dev/dev-dash/dash/src/js/utils/common.js","s":{"1":2,"2":2,"3":2,"4":2,"5":0,"6":2,"7":0,"8":2,"9":0,"10":2,"11":0,"12":2},"b":{},"f":{"1":0,"2":0,"3":0,"4":0},"fnMap":{"1":{"name":"(anonymous_1)","line":6,"loc":{"start":{"line":6,"column":21},"end":{"line":6,"column":32}}},"2":{"name":"(anonymous_2)","line":11,"loc":{"start":{"line":11,"column":21},"end":{"line":11,"column":32}}},"3":{"name":"(anonymous_3)","line":16,"loc":{"start":{"line":16,"column":17},"end":{"line":16,"column":32}}},"4":{"name":"(anonymous_4)","line":24,"loc":{"start":{"line":24,"column":20},"end":{"line":24,"column":35}}}},"statementMap":{"1":{"start":{"line":1,"column":0},"end":{"line":1,"column":26}},"2":{"start":{"line":2,"column":0},"end":{"line":2,"column":30}},"3":{"start":{"line":4,"column":0},"end":{"line":4,"column":16}},"4":{"start":{"line":6,"column":0},"end":{"line":9,"column":2}},"5":{"start":{"line":7,"column":2},"end":{"line":7,"column":47}},"6":{"start":{"line":11,"column":0},"end":{"line":14,"column":2}},"7":{"start":{"line":12,"column":2},"end":{"line":12,"column":32}},"8":{"start":{"line":16,"column":0},"end":{"line":22,"column":2}},"9":{"start":{"line":17,"column":2},"end":{"line":17,"column":32}},"10":{"start":{"line":24,"column":0},"end":{"line":29,"column":2}},"11":{"start":{"line":25,"column":2},"end":{"line":28,"column":5}},"12":{"start":{"line":31,"column":0},"end":{"line":31,"column":24}}},"branchMap":{},"l":{"1":2,"2":2,"4":2,"6":2,"7":0,"11":2,"12":0,"16":2,"17":0,"24":2,"25":0,"31":2}},
"/Users/muchniki/dev/dev-dash/dash/src/js/dispatcher/AppDispatcher.js":{"path":"/Users/muchniki/dev/dev-dash/dash/src/js/dispatcher/AppDispatcher.js","s":{"1":2,"2":2,"3":2,"4":2,"5":0,"6":0,"7":0,"8":0,"9":2},"b":{},"f":{"1":0,"2":0},"fnMap":{"1":{"name":"(anonymous_1)","line":24,"loc":{"start":{"line":24,"column":22},"end":{"line":24,"column":39}}},"2":{"name":"(anonymous_2)","line":36,"loc":{"start":{"line":36,"column":20},"end":{"line":36,"column":37}}}},"statementMap":{"1":{"start":{"line":14,"column":0},"end":{"line":14,"column":44}},"2":{"start":{"line":15,"column":0},"end":{"line":15,"column":38}},"3":{"start":{"line":16,"column":0},"end":{"line":16,"column":60}},"4":{"start":{"line":18,"column":0},"end":{"line":44,"column":3}},"5":{"start":{"line":25,"column":4},"end":{"line":28,"column":6}},"6":{"start":{"line":29,"column":4},"end":{"line":29,"column":27}},"7":{"start":{"line":37,"column":4},"end":{"line":40,"column":6}},"8":{"start":{"line":41,"column":4},"end":{"line":41,"column":27}},"9":{"start":{"line":46,"column":0},"end":{"line":46,"column":31}}},"branchMap":{},"l":{"14":2,"15":2,"16":2,"18":2,"25":0,"29":0,"37":0,"41":0,"46":2}},
"/Users/muchniki/dev/dev-dash/dash/src/js/stores/TeamStore.js":{"path":"/Users/muchniki/dev/dev-dash/dash/src/js/stores/TeamStore.js","s":{"1":1,"2":1,"3":1,"4":1,"5":1,"6":1,"7":1,"8":1,"9":1,"10":0,"11":1,"12":0,"13":0,"14":1,"15":0,"16":0,"17":1,"18":1,"19":0,"20":0,"21":0,"22":1,"23":0,"24":0,"25":0,"26":0,"27":0,"28":0,"29":0,"30":0,"31":0,"32":0,"33":0,"34":0,"35":0,"36":0,"37":1},"b":{"1":[0,0,0,0,0]},"f":{"1":0,"2":0,"3":0,"4":0,"5":1,"6":0,"7":0,"8":0,"9":0},"fnMap":{"1":{"name":"create","line":15,"loc":{"start":{"line":15,"column":0},"end":{"line":15,"column":22}}},"2":{"name":"destroy","line":19,"loc":{"start":{"line":19,"column":0},"end":{"line":19,"column":21}}},"3":{"name":"addUser","line":23,"loc":{"start":{"line":23,"column":0},"end":{"line":23,"column":25}}},"4":{"name":"removeUser","line":28,"loc":{"start":{"line":28,"column":0},"end":{"line":28,"column":26}}},"5":{"name":"(anonymous_5)","line":35,"loc":{"start":{"line":35,"column":10},"end":{"line":35,"column":21}}},"6":{"name":"(anonymous_6)","line":39,"loc":{"start":{"line":39,"column":14},"end":{"line":39,"column":25}}},"7":{"name":"(anonymous_7)","line":43,"loc":{"start":{"line":43,"column":21},"end":{"line":43,"column":40}}},"8":{"name":"(anonymous_8)","line":47,"loc":{"start":{"line":47,"column":24},"end":{"line":47,"column":43}}},"9":{"name":"(anonymous_9)","line":53,"loc":{"start":{"line":53,"column":23},"end":{"line":53,"column":40}}}},"statementMap":{"1":{"start":{"line":1,"column":0},"end":{"line":1,"column":59}},"2":{"start":{"line":2,"column":0},"end":{"line":2,"column":50}},"3":{"start":{"line":3,"column":0},"end":{"line":3,"column":58}},"4":{"start":{"line":4,"column":0},"end":{"line":4,"column":38}},"5":{"start":{"line":5,"column":0},"end":{"line":5,"column":40}},"6":{"start":{"line":7,"column":0},"end":{"line":7,"column":28}},"7":{"start":{"line":9,"column":0},"end":{"line":9,"column":16}},"8":{"start":{"line":15,"column":0},"end":{"line":17,"column":1}},"9":{"start":{"line":19,"column":0},"end":{"line":21,"column":1}},"10":{"start":{"line":20,"column":2},"end":{"line":20,"column":20}},"11":{"start":{"line":23,"column":0},"end":{"line":26,"column":1}},"12":{"start":{"line":24,"column":2},"end":{"line":24,"column":43}},"13":{"start":{"line":25,"column":2},"end":{"line":25,"column":21}},"14":{"start":{"line":28,"column":0},"end":{"line":31,"column":1}},"15":{"start":{"line":29,"column":2},"end":{"line":29,"column":44}},"16":{"start":{"line":30,"column":2},"end":{"line":30,"column":21}},"17":{"start":{"line":33,"column":0},"end":{"line":50,"column":3}},"18":{"start":{"line":36,"column":4},"end":{"line":36,"column":32}},"19":{"start":{"line":40,"column":4},"end":{"line":40,"column":28}},"20":{"start":{"line":44,"column":4},"end":{"line":44,"column":36}},"21":{"start":{"line":48,"column":4},"end":{"line":48,"column":48}},"22":{"start":{"line":53,"column":0},"end":{"line":79,"column":3}},"23":{"start":{"line":54,"column":2},"end":{"line":54,"column":11}},"24":{"start":{"line":56,"column":2},"end":{"line":78,"column":3}},"25":{"start":{"line":58,"column":6},"end":{"line":58,"column":15}},"26":{"start":{"line":59,"column":6},"end":{"line":59,"column":29}},"27":{"start":{"line":60,"column":6},"end":{"line":60,"column":12}},"28":{"start":{"line":63,"column":6},"end":{"line":63,"column":16}},"29":{"start":{"line":64,"column":6},"end":{"line":64,"column":29}},"30":{"start":{"line":65,"column":6},"end":{"line":65,"column":12}},"31":{"start":{"line":68,"column":6},"end":{"line":68,"column":16}},"32":{"start":{"line":69,"column":6},"end":{"line":69,"column":29}},"33":{"start":{"line":70,"column":6},"end":{"line":70,"column":12}},"34":{"start":{"line":73,"column":6},"end":{"line":73,"column":30}},"35":{"start":{"line":74,"column":6},"end":{"line":74,"column":29}},"36":{"start":{"line":75,"column":6},"end":{"line":75,"column":12}},"37":{"start":{"line":81,"column":0},"end":{"line":81,"column":27}}},"branchMap":{"1":{"line":56,"type":"switch","locations":[{"start":{"line":57,"column":4},"end":{"line":60,"column":12}},{"start":{"line":62,"column":4},"end":{"line":65,"column":12}},{"start":{"line":67,"column":4},"end":{"line":70,"column":12}},{"start":{"line":72,"column":4},"end":{"line":75,"column":12}},{"start":{"line":76,"column":4},"end":{"line":76,"column":12}}]}},"l":{"1":1,"2":1,"3":1,"4":1,"5":1,"7":1,"9":1,"15":1,"19":1,"20":0,"23":1,"24":0,"25":0,"28":1,"29":0,"30":0,"33":1,"36":1,"40":0,"44":0,"48":0,"53":1,"54":0,"56":0,"58":0,"59":0,"60":0,"63":0,"64":0,"65":0,"68":0,"69":0,"70":0,"73":0,"74":0,"75":0,"81":1}},
"/Users/muchniki/dev/dev-dash/dash/src/js/actions/TeamActions.js":{"path":"/Users/muchniki/dev/dev-dash/dash/src/js/actions/TeamActions.js","s":{"1":1,"2":1,"3":1,"4":1,"5":0,"6":0,"7":0,"8":0,"9":0,"10":0,"11":0,"12":0,"13":0,"14":0,"15":0,"16":0,"17":1},"b":{"1":[0,0],"2":[0,0]},"f":{"1":0,"2":0,"3":0,"4":0,"5":0,"6":0},"fnMap":{"1":{"name":"(anonymous_1)","line":10,"loc":{"start":{"line":10,"column":10},"end":{"line":10,"column":25}}},"2":{"name":"(anonymous_2)","line":20,"loc":{"start":{"line":20,"column":11},"end":{"line":20,"column":24}}},"3":{"name":"(anonymous_3)","line":27,"loc":{"start":{"line":27,"column":11},"end":{"line":27,"column":26}}},"4":{"name":"(anonymous_4)","line":38,"loc":{"start":{"line":38,"column":21},"end":{"line":38,"column":36}}},"5":{"name":"(anonymous_5)","line":47,"loc":{"start":{"line":47,"column":14},"end":{"line":47,"column":29}}},"6":{"name":"(anonymous_6)","line":58,"loc":{"start":{"line":58,"column":21},"end":{"line":58,"column":36}}}},"statementMap":{"1":{"start":{"line":1,"column":0},"end":{"line":1,"column":59}},"2":{"start":{"line":2,"column":0},"end":{"line":2,"column":58}},"3":{"start":{"line":3,"column":0},"end":{"line":3,"column":40}},"4":{"start":{"line":5,"column":0},"end":{"line":67,"column":2}},"5":{"start":{"line":11,"column":4},"end":{"line":14,"column":7}},"6":{"start":{"line":21,"column":4},"end":{"line":24,"column":7}},"7":{"start":{"line":28,"column":4},"end":{"line":28,"column":22}},"8":{"start":{"line":29,"column":4},"end":{"line":35,"column":7}},"9":{"start":{"line":37,"column":4},"end":{"line":37,"column":43}},"10":{"start":{"line":38,"column":4},"end":{"line":44,"column":7}},"11":{"start":{"line":39,"column":6},"end":{"line":43,"column":9}},"12":{"start":{"line":48,"column":4},"end":{"line":48,"column":22}},"13":{"start":{"line":49,"column":4},"end":{"line":55,"column":7}},"14":{"start":{"line":57,"column":4},"end":{"line":57,"column":46}},"15":{"start":{"line":58,"column":4},"end":{"line":64,"column":7}},"16":{"start":{"line":59,"column":6},"end":{"line":63,"column":9}},"17":{"start":{"line":69,"column":0},"end":{"line":69,"column":29}}},"branchMap":{"1":{"line":28,"type":"binary-expr","locations":[{"start":{"line":28,"column":11},"end":{"line":28,"column":15}},{"start":{"line":28,"column":19},"end":{"line":28,"column":21}}]},"2":{"line":48,"type":"binary-expr","locations":[{"start":{"line":48,"column":11},"end":{"line":48,"column":15}},{"start":{"line":48,"column":19},"end":{"line":48,"column":21}}]}},"l":{"1":1,"2":1,"3":1,"5":1,"11":0,"21":0,"28":0,"29":0,"37":0,"38":0,"39":0,"48":0,"49":0,"57":0,"58":0,"59":0,"69":1}}}
