TN:
SF:/Users/muchniki/dev/dev-dash/dash/src/js/stores/UserStore.js
FN:11,(anonymous_1)
FN:15,(anonymous_2)
FN:22,(anonymous_3)
FN:29,(anonymous_4)
FN:35,(anonymous_5)
FNF:5
FNH:1
FNDA:1,(anonymous_1)
FNDA:0,(anonymous_2)
FNDA:0,(anonymous_3)
FNDA:0,(anonymous_4)
FNDA:0,(anonymous_5)
DA:1,1
DA:2,1
DA:3,1
DA:4,1
DA:5,1
DA:7,1
DA:9,1
DA:12,1
DA:16,0
DA:23,0
DA:30,0
DA:35,1
DA:37,0
DA:39,0
DA:41,0
DA:46,1
LF:16
LH:10
BRDA:39,1,0,0
BRF:1
BRH:0
end_of_record
TN:
SF:/Users/muchniki/dev/dev-dash/dash/src/js/utils/common.js
FN:6,(anonymous_1)
FN:11,(anonymous_2)
FN:16,(anonymous_3)
FN:24,(anonymous_4)
FNF:4
FNH:0
FNDA:0,(anonymous_1)
FNDA:0,(anonymous_2)
FNDA:0,(anonymous_3)
FNDA:0,(anonymous_4)
DA:1,2
DA:2,2
DA:4,2
DA:6,2
DA:7,0
DA:11,2
DA:12,0
DA:16,2
DA:17,0
DA:24,2
DA:25,0
DA:31,2
LF:12
LH:8
BRF:0
BRH:0
end_of_record
TN:
SF:/Users/muchniki/dev/dev-dash/dash/src/js/dispatcher/AppDispatcher.js
FN:24,(anonymous_1)
FN:36,(anonymous_2)
FNF:2
FNH:0
FNDA:0,(anonymous_1)
FNDA:0,(anonymous_2)
DA:14,2
DA:15,2
DA:16,2
DA:18,2
DA:25,0
DA:29,0
DA:37,0
DA:41,0
DA:46,2
LF:9
LH:5
BRF:0
BRH:0
end_of_record
TN:
SF:/Users/muchniki/dev/dev-dash/dash/src/js/stores/TeamStore.js
FN:15,create
FN:19,destroy
FN:23,addUser
FN:28,removeUser
FN:35,(anonymous_5)
FN:39,(anonymous_6)
FN:43,(anonymous_7)
FN:47,(anonymous_8)
FN:53,(anonymous_9)
FNF:9
FNH:1
FNDA:0,create
FNDA:0,destroy
FNDA:0,addUser
FNDA:0,removeUser
FNDA:1,(anonymous_5)
FNDA:0,(anonymous_6)
FNDA:0,(anonymous_7)
FNDA:0,(anonymous_8)
FNDA:0,(anonymous_9)
DA:1,1
DA:2,1
DA:3,1
DA:4,1
DA:5,1
DA:7,1
DA:9,1
DA:15,1
DA:19,1
DA:20,0
DA:23,1
DA:24,0
DA:25,0
DA:28,1
DA:29,0
DA:30,0
DA:33,1
DA:36,1
DA:40,0
DA:44,0
DA:48,0
DA:53,1
DA:54,0
DA:56,0
DA:58,0
DA:59,0
DA:60,0
DA:63,0
DA:64,0
DA:65,0
DA:68,0
DA:69,0
DA:70,0
DA:73,0
DA:74,0
DA:75,0
DA:81,1
LF:37
LH:15
BRDA:56,1,0,0
BRDA:56,1,1,0
BRDA:56,1,2,0
BRDA:56,1,3,0
BRDA:56,1,4,0
BRF:5
BRH:0
end_of_record
TN:
SF:/Users/muchniki/dev/dev-dash/dash/src/js/actions/TeamActions.js
FN:10,(anonymous_1)
FN:20,(anonymous_2)
FN:27,(anonymous_3)
FN:38,(anonymous_4)
FN:47,(anonymous_5)
FN:58,(anonymous_6)
FNF:6
FNH:0
FNDA:0,(anonymous_1)
FNDA:0,(anonymous_2)
FNDA:0,(anonymous_3)
FNDA:0,(anonymous_4)
FNDA:0,(anonymous_5)
FNDA:0,(anonymous_6)
DA:1,1
DA:2,1
DA:3,1
DA:5,1
DA:11,0
DA:21,0
DA:28,0
DA:29,0
DA:37,0
DA:38,0
DA:39,0
DA:48,0
DA:49,0
DA:57,0
DA:58,0
DA:59,0
DA:69,1
LF:17
LH:5
BRDA:28,1,0,0
BRDA:28,1,1,0
BRDA:48,2,0,0
BRDA:48,2,1,0
BRF:4
BRH:0
end_of_record
